<?xml version="1.0" encoding="utf-8"?><testsuites name="pytest tests"><testsuite name="pytest" errors="0" failures="0" skipped="0" tests="9" time="0.041" timestamp="2026-09-13T05:52:01.368162+00:00" hostname="agent-env-8b63251f-a781-40c5-a3a6-0ad1ca49ddf7"><testcase classname="backend.tests.test_aotg_backend.TestBackendEnvironment" name="test_env_file_exists" time="0.000" /><testcase classname="backend.tests.test_aotg_backend.TestBackendEnvironment" name="test_env_has_required_keys" time="0.000" /><testcase classname="backend.tests.test_aotg_backend.TestBackendEnvironment" name="test_server_reads_env_not_hardcoded" time="0.000" /><testcase classname="backend.tests.test_aotg_backend.TestRootAndHealth" name="test_root_returns_ok" time="0.004" /><testcase classname="backend.tests.test_aotg_backend.TestRootAndHealth" name="test_health_reports_db_connected" time="0.004" /><testcase classname="backend.tests.test_aotg_backend.TestStatusCheckPersistence" name="test_create_status_persists_and_returns_id" time="0.002" /><testcase classname="backend.tests.test_aotg_backend.TestStatusCheckPersistence" name="test_list_status_returns_created_record" time="0.002" /><testcase classname="backend.tests.test_aotg_backend.TestStatusCheckPersistence" name="test_no_mongo_objectid_leaks" time="0.002" /><testcase classname="backend.tests.test_aotg_backend.TestValidation" name="test_status_rejects_missing_client_name" time="0.001" /></testsuite></testsuites>